<?xml version="1.0" encoding="UTF-8"?>
<!-- Generated by org.testng.reporters.JUnitReportReporter -->
<testsuite hostname="Pragti" failures="0" tests="1" name="howtousebaseclassintestclass1.JavaScriptUtilTest" time="6.276" errors="0" timestamp="2024-02-02T13:13:53 IST" skipped="0">
  <testcase classname="howtousebaseclassintestclass1.JavaScriptUtilTest" name="fTest" time="6.276"/>
</testsuite> <!-- howtousebaseclassintestclass1.JavaScriptUtilTest -->
