<?xml version="1.0" encoding="UTF-8"?>
<!-- Generated by org.testng.reporters.JUnitReportReporter -->
<testsuite hostname="Pragti" failures="0" tests="1" name="log4jprac.NiiiTest" time="0.108" errors="0" timestamp="2024-02-10T07:59:44 IST" skipped="0">
  <testcase classname="log4jprac.NiiiTest" name="f" time="0.108"/>
</testsuite> <!-- log4jprac.NiiiTest -->
