<?xml version="1.0" encoding="UTF-8"?>
<!-- Generated by org.testng.reporters.JUnitReportReporter -->
<testsuite hostname="Pragti" failures="0" tests="1" name="pagefactoryandwuthoutpagefactorypractice.Time1Test" time="1.690" errors="0" timestamp="2024-02-05T19:10:40 IST" skipped="0">
  <testcase classname="pagefactoryandwuthoutpagefactorypractice.Time1Test" name="fTest" time="1.690"/>
</testsuite> <!-- pagefactoryandwuthoutpagefactorypractice.Time1Test -->
