<?xml version="1.0" encoding="UTF-8"?>
<!-- Generated by org.testng.reporters.JUnitReportReporter -->
<testsuite hostname="Pragti" failures="0" tests="1" name="Headless.ChromeHeadlessmodeTest" time="0.085" errors="0" timestamp="2024-01-31T16:07:10 IST" skipped="0">
  <testcase classname="Headless.ChromeHeadlessmodeTest" name="fTest" time="0.085"/>
</testsuite> <!-- Headless.ChromeHeadlessmodeTest -->
