<?xml version="1.0" encoding="UTF-8"?>
<!-- Generated by org.testng.reporters.JUnitReportReporter -->
<testsuite hostname="Pragti" failures="0" tests="1" name="naveen.NewSelectTest" time="0.666" errors="0" timestamp="2024-02-01T11:50:47 IST" skipped="0">
  <testcase classname="naveen.NewSelectTest" name="gTest" time="0.666"/>
</testsuite> <!-- naveen.NewSelectTest -->
