<?xml version="1.0" encoding="UTF-8"?>
<!-- Generated by org.testng.reporters.JUnitReportReporter -->
<testsuite hostname="Pragti" failures="0" tests="1" name="frameworkConstructorprac1.loginTest" time="1.791" errors="0" timestamp="2024-02-05T09:26:11 IST" skipped="0">
  <testcase classname="frameworkConstructorprac1.loginTest" name="fTest" time="1.791"/>
</testsuite> <!-- frameworkConstructorprac1.loginTest -->
