<?xml version="1.0" encoding="UTF-8"?>
<!-- Generated by org.testng.reporters.JUnitReportReporter -->
<testsuite hostname="Pragti" failures="0" tests="1" name="incognito.ChromeincognitoTest" time="1.190" errors="0" timestamp="2024-01-31T16:57:55 IST" skipped="0">
  <testcase classname="incognito.ChromeincognitoTest" name="giTest" time="1.190"/>
</testsuite> <!-- incognito.ChromeincognitoTest -->
