<?xml version="1.0" encoding="UTF-8"?>
<!-- Generated by org.testng.reporters.JUnitReportReporter -->
<testsuite hostname="Pragti" failures="0" tests="1" name="naveen.Log4jpracticeTest" time="1.391" errors="0" timestamp="2024-02-07T13:07:07 IST" skipped="0">
  <testcase classname="naveen.Log4jpracticeTest" name="fTest" time="1.391"/>
</testsuite> <!-- naveen.Log4jpracticeTest -->
