<?xml version="1.0" encoding="UTF-8"?>
<!-- Generated by org.testng.reporters.JUnitReportReporter -->
<testsuite hostname="Pragti" failures="0" tests="3" name="naveen.CheckoutpageTest" time="2.146" errors="0" timestamp="2024-01-30T12:56:06 IST" skipped="0">
  <testcase classname="naveen.CheckoutpageTest" name="validate1Test" time="1.285"/>
  <testcase classname="naveen.CheckoutpageTest" name="validate3Test" time="0.781"/>
  <testcase classname="naveen.CheckoutpageTest" name="validate2Test" time="0.080"/>
</testsuite> <!-- naveen.CheckoutpageTest -->
