<?xml version="1.0" encoding="UTF-8"?>
<!-- Generated by org.testng.reporters.JUnitReportReporter -->
<testsuite hostname="Pragti" failures="0" tests="3" name="naveen.CssselectorspracTest" time="0.684" errors="0" timestamp="2024-02-03T09:54:04 IST" skipped="0">
  <testcase classname="naveen.CssselectorspracTest" name="fTest" time="0.613"/>
  <testcase classname="naveen.CssselectorspracTest" name="f2Test" time="0.047"/>
  <testcase classname="naveen.CssselectorspracTest" name="f3Test" time="0.024"/>
</testsuite> <!-- naveen.CssselectorspracTest -->
