<?xml version="1.0" encoding="UTF-8"?>
<!-- Generated by org.testng.reporters.JUnitReportReporter -->
<testsuite hostname="Pragti" failures="0" tests="1" name="Headless.DailyTest" time="16.785" errors="0" timestamp="2024-02-01T08:24:53 IST" skipped="0">
  <testcase classname="Headless.DailyTest" name="fTest" time="16.785"/>
</testsuite> <!-- Headless.DailyTest -->
