<?xml version="1.0" encoding="UTF-8"?>
<!-- Generated by org.testng.reporters.JUnitReportReporter -->
<testsuite hostname="Pragti" failures="0" tests="1" name="naveen.HeadlessmodeTest" time="0.096" errors="0" timestamp="2024-01-31T16:01:41 IST" skipped="0">
  <testcase classname="naveen.HeadlessmodeTest" name="fTest" time="0.096"/>
</testsuite> <!-- naveen.HeadlessmodeTest -->
