<?xml version="1.0" encoding="UTF-8"?>
<!-- Generated by org.testng.reporters.JUnitReportReporter -->
<testsuite hostname="Pragti" failures="0" tests="2" name="frameworkConstructorprac1.CoursesTest" time="0.204" errors="0" timestamp="2024-02-06T19:41:12 IST" skipped="0">
  <testcase classname="frameworkConstructorprac1.CoursesTest" name="fTest" time="0.132"/>
  <testcase classname="frameworkConstructorprac1.CoursesTest" name="fiTest" time="0.072"/>
</testsuite> <!-- frameworkConstructorprac1.CoursesTest -->
