<?xml version="1.0" encoding="UTF-8"?>
<!-- Generated by org.testng.reporters.JUnitReportReporter -->
<testsuite hostname="Pragti" failures="0" tests="1" name="howtousebaseclassintestclass1.ExcelLibTest" time="0.117" errors="0" timestamp="2024-02-02T19:04:23 IST" skipped="0">
  <testcase classname="howtousebaseclassintestclass1.ExcelLibTest" name="fTest" time="0.117"/>
</testsuite> <!-- howtousebaseclassintestclass1.ExcelLibTest -->
