<?xml version="1.0" encoding="UTF-8"?>
<!-- Generated by org.testng.reporters.JUnitReportReporter -->
<testsuite hostname="Pragti" failures="0" tests="1" name="Headless.EdgeHeadlessmodeTest" time="0.076" errors="0" timestamp="2024-01-31T16:23:34 IST" skipped="0">
  <testcase classname="Headless.EdgeHeadlessmodeTest" name="fTest" time="0.076"/>
</testsuite> <!-- Headless.EdgeHeadlessmodeTest -->
