<?xml version="1.0" encoding="UTF-8"?>
<!-- Generated by org.testng.reporters.JUnitReportReporter -->
<testsuite hostname="Pragti" failures="0" tests="1" name="naveenexcel.Takedata1Test" time="2.356" errors="0" timestamp="2024-01-29T11:55:30 IST" skipped="0">
  <testcase classname="naveenexcel.Takedata1Test" name="getthedataTest" time="2.356"/>
</testsuite> <!-- naveenexcel.Takedata1Test -->
