<?xml version="1.0" encoding="UTF-8"?>
<!-- Generated by org.testng.reporters.JUnitReportReporter -->
<testsuite hostname="Pragti" failures="0" tests="1" name="pac1.RegistrationTest" time="4.298" errors="0" timestamp="2024-01-22T10:08:07 IST" skipped="0">
  <testcase classname="pac1.RegistrationTest" name="getregisteredTest" time="4.298"/>
</testsuite> <!-- pac1.RegistrationTest -->
