<?xml version="1.0" encoding="UTF-8"?>
<!-- Generated by org.testng.reporters.JUnitReportReporter -->
<testsuite hostname="Pragti" failures="0" tests="3" name="naveen.TestyouTest" time="0.562" errors="0" timestamp="2024-01-28T16:10:55 IST" skipped="0">
  <testcase classname="naveen.TestyouTest" name="get1" time="0.254"/>
  <testcase classname="naveen.TestyouTest" name="get2" time="0.136"/>
  <testcase classname="naveen.TestyouTest" name="get3" time="0.172"/>
</testsuite> <!-- naveen.TestyouTest -->
