<?xml version="1.0" encoding="UTF-8"?>
<!-- Generated by org.testng.reporters.JUnitReportReporter -->
<testsuite hostname="Pragti" failures="0" tests="3" name="frameworkConstructorprac1.BrowserstackTest" time="1.203" errors="0" timestamp="2024-02-05T11:52:37 IST" skipped="0">
  <testcase classname="frameworkConstructorprac1.BrowserstackTest" name="fTest" time="0.845"/>
  <testcase classname="frameworkConstructorprac1.BrowserstackTest" name="f1Test" time="0.111"/>
  <testcase classname="frameworkConstructorprac1.BrowserstackTest" name="f2Test" time="0.247"/>
</testsuite> <!-- frameworkConstructorprac1.BrowserstackTest -->
