<?xml version="1.0" encoding="UTF-8"?>
<!-- Generated by org.testng.reporters.JUnitReportReporter -->
<testsuite hostname="Pragti" failures="0" tests="1" name="howtousebaseclassintestclass1.WebDriverCommonLibTest" time="8.545" errors="0" timestamp="2024-02-01T12:03:20 IST" skipped="0">
  <testcase classname="howtousebaseclassintestclass1.WebDriverCommonLibTest" name="fTest" time="8.545"/>
</testsuite> <!-- howtousebaseclassintestclass1.WebDriverCommonLibTest -->
