<?xml version="1.0" encoding="UTF-8"?>
<!-- Generated by org.testng.reporters.JUnitReportReporter -->
<testsuite hostname="Pragti" failures="0" tests="1" name="naveen.BaseclasspracticepageTest" time="10.601" errors="0" timestamp="2024-02-01T08:56:52 IST" skipped="0">
  <testcase classname="naveen.BaseclasspracticepageTest" name="fTest" time="10.601"/>
</testsuite> <!-- naveen.BaseclasspracticepageTest -->
