<?xml version="1.0" encoding="UTF-8"?>
<!-- Generated by org.testng.reporters.JUnitReportReporter -->
<testsuite hostname="Pragti" failures="0" tests="1" name="naveen.log4jpractice1Test" time="0.084" errors="0" timestamp="2024-02-07T14:53:50 IST" skipped="0">
  <testcase classname="naveen.log4jpractice1Test" name="fTest" time="0.084"/>
</testsuite> <!-- naveen.log4jpractice1Test -->
