<?xml version="1.0" encoding="UTF-8"?>
<!-- Generated by org.testng.reporters.JUnitReportReporter -->
<testsuite hostname="Pragti" failures="0" tests="8" name="naveen.AccountsTest" time="0.830" errors="0" timestamp="2024-01-30T12:34:41 IST" skipped="0">
  <testcase classname="naveen.AccountsTest" name="first" time="0.353"/>
  <testcase classname="naveen.AccountsTest" name="sec" time="0.203"/>
  <testcase classname="naveen.AccountsTest" name="third" time="0.108"/>
  <testcase classname="naveen.AccountsTest" name="fourth" time="0.139"/>
  <testcase classname="naveen.AccountsTest" name="fifth" time="0.007"/>
  <testcase classname="naveen.AccountsTest" name="six" time="0.008"/>
  <testcase classname="naveen.AccountsTest" name="seven" time="0.008"/>
  <testcase classname="naveen.AccountsTest" name="eight" time="0.004"/>
</testsuite> <!-- naveen.AccountsTest -->
