<?xml version="1.0" encoding="UTF-8"?>
<!-- Generated by org.testng.reporters.JUnitReportReporter -->
<testsuite hostname="Pragti" failures="0" tests="3" name="naveen.H1Test" time="3.403" errors="0" timestamp="2024-01-30T16:31:52 IST" skipped="0">
  <testcase classname="naveen.H1Test" name="getsubmittedTest" time="1.670"/>
  <testcase classname="naveen.H1Test" name="getsubmitted1Test" time="0.191"/>
  <testcase classname="naveen.H1Test" name="getsubmitted2Test" time="1.542"/>
</testsuite> <!-- naveen.H1Test -->
