<?xml version="1.0" encoding="UTF-8"?>
<!-- Generated by org.testng.reporters.JUnitReportReporter -->
<testsuite hostname="Pragti" failures="0" tests="1" name="naveenexcel.Take1Test" time="3.906" errors="0" timestamp="2024-01-30T12:03:52 IST" skipped="0">
  <testcase classname="naveenexcel.Take1Test" name="fTest" time="3.906"/>
</testsuite> <!-- naveenexcel.Take1Test -->
