<?xml version="1.0" encoding="UTF-8"?>
<!-- Generated by org.testng.reporters.JUnitReportReporter -->
<testsuite hostname="Pragti" failures="0" tests="10" name="naveen.Login1Test" time="0.731" errors="0" timestamp="2024-01-28T16:13:06 IST" skipped="0">
  <testcase classname="naveen.Login1Test" name="firstTest" time="0.222"/>
  <testcase classname="naveen.Login1Test" name="secTest" time="0.077"/>
  <testcase classname="naveen.Login1Test" name="thirdTest" time="0.046"/>
  <testcase classname="naveen.Login1Test" name="fourthTest" time="0.055"/>
  <testcase classname="naveen.Login1Test" name="fifthTest" time="0.076"/>
  <testcase classname="naveen.Login1Test" name="sixTest" time="0.062"/>
  <testcase classname="naveen.Login1Test" name="sevenTest" time="0.056"/>
  <testcase classname="naveen.Login1Test" name="eightTest" time="0.047"/>
  <testcase classname="naveen.Login1Test" name="nineTest" time="0.043"/>
  <testcase classname="naveen.Login1Test" name="tenTest" time="0.047"/>
</testsuite> <!-- naveen.Login1Test -->
