<?xml version="1.0" encoding="UTF-8"?>
<!-- Generated by org.testng.reporters.JUnitReportReporter -->
<testsuite hostname="Pragti" failures="0" tests="1" name="pac1.NewTest" time="0.128" errors="0" timestamp="2024-01-21T13:30:06 IST" skipped="0">
  <testcase classname="pac1.NewTest" name="getTest" time="0.128"/>
</testsuite> <!-- pac1.NewTest -->
