<?xml version="1.0" encoding="UTF-8"?>
<!-- Generated by org.testng.reporters.JUnitReportReporter -->
<testsuite hostname="Pragti" failures="0" tests="3" name="naveen.JavascriptpracticeTest" time="0.161" errors="0" timestamp="2024-02-03T12:52:52 IST" skipped="0">
  <testcase classname="naveen.JavascriptpracticeTest" name="f13Test" time="0.045"/>
  <testcase classname="naveen.JavascriptpracticeTest" name="fTest" time="0.020"/>
  <testcase classname="naveen.JavascriptpracticeTest" name="f12Test" time="0.096"/>
</testsuite> <!-- naveen.JavascriptpracticeTest -->
