<?xml version="1.0" encoding="UTF-8"?>
<!-- Generated by org.testng.reporters.JUnitReportReporter -->
<testsuite hostname="Pragti" failures="0" tests="3" name="pagefactoryandwuthoutpagefactorypractice.H1Test" time="2.248" errors="0" timestamp="2024-01-30T16:41:14 IST" skipped="0">
  <testcase classname="pagefactoryandwuthoutpagefactorypractice.H1Test" name="getsubmittedTest" time="0.584"/>
  <testcase classname="pagefactoryandwuthoutpagefactorypractice.H1Test" name="getsubmitted1Test" time="0.152"/>
  <testcase classname="pagefactoryandwuthoutpagefactorypractice.H1Test" name="getsubmitted2Test" time="1.512"/>
</testsuite> <!-- pagefactoryandwuthoutpagefactorypractice.H1Test -->
